\BOOKMARK [0][-]{chapter.1}{\376\377\000H\000T\000T\000P\000,\000\040\000A\000P\000I\000,\000\040\000R\000E\000S\000T}{}% 1
\BOOKMARK [1][-]{section.1.1}{\376\377\000H\000T\000T\000P}{chapter.1}% 2
\BOOKMARK [2][-]{subsection.1.1.1}{\376\377\000W\001\102\000a\000s\000n\000o\001\133\000c\000i\000\040\000H\000T\000T\000P}{section.1.1}% 3
\BOOKMARK [2][-]{subsection.1.1.2}{\376\377\000H\000T\000T\000P\000S}{section.1.1}% 4
\BOOKMARK [2][-]{subsection.1.1.3}{\376\377\000M\000e\000t\000o\000d\000y\000\040\000H\000T\000T\000P}{section.1.1}% 5
\BOOKMARK [2][-]{subsection.1.1.4}{\376\377\000K\000o\000d\000y\000\040\000o\000d\000p\000o\000w\000i\000e\000d\000z\000i\000\040\000H\000T\000T\000P}{section.1.1}% 6
\BOOKMARK [1][-]{section.1.2}{\376\377\000A\000P\000I}{chapter.1}% 7
\BOOKMARK [1][-]{section.1.3}{\376\377\000A\000r\000c\000h\000i\000t\000e\000k\000t\000u\000r\000a\000\040\000R\000E\000S\000T}{chapter.1}% 8
\BOOKMARK [2][-]{subsection.1.3.1}{\376\377\000R\000E\000S\000T\000\040\000A\000P\000I}{section.1.3}% 9
\BOOKMARK [2][-]{subsection.1.3.2}{\376\377\000Z\000a\000s\000a\000d\000y\000\040\000R\000E\000S\000T\000\040\000A\000P\000I}{section.1.3}% 10
\BOOKMARK [3][-]{subsubsection.1.3.2.1}{\376\377\000S\000p\000r\000i\000n\000g}{subsection.1.3.2}% 11
\BOOKMARK [3][-]{subsubsection.1.3.2.2}{\376\377\000R\000u\000b\000y\000\040\000o\000n\000\040\000R\000a\000i\000l\000s}{subsection.1.3.2}% 12
\BOOKMARK [0][-]{chapter.2}{\376\377\000T\000w\000o\000r\000z\000e\000n\000i\000e\000\040\000R\000E\000S\000T\000\040\000A\000P\000I}{}% 13
\BOOKMARK [1][-]{section.2.1}{\376\377\000D\000o\000b\000r\000e\000\040\000p\000r\000a\000k\000t\000y\000k\000i}{chapter.2}% 14
\BOOKMARK [2][-]{subsection.2.1.1}{\376\377\000D\000o\000k\000u\000m\000e\000n\000t\000a\000c\000j\000a}{section.2.1}% 15
\BOOKMARK [3][-]{subsubsection.2.1.1.1}{\376\377\000I\000n\000t\000e\000r\000a\000k\000t\000y\000w\000n\000a\000\040\000d\000o\000k\000u\000m\000e\000n\000t\000a\000c\000j\000a}{subsection.2.1.1}% 16
\BOOKMARK [2][-]{subsection.2.1.2}{\376\377\000W\000e\000r\000s\000j\000o\000n\000o\000w\000a\000n\000i\000e}{section.2.1}% 17
\BOOKMARK [2][-]{subsection.2.1.3}{\376\377\000S\000o\000r\000t\000o\000w\000a\000n\000i\000e\000,\000\040\000f\000i\000l\000t\000r\000o\000w\000a\000n\000i\000e\000\040\000i\000\040\000w\000y\000s\000z\000u\000k\000i\000w\000a\000n\000i\000e}{section.2.1}% 18
\BOOKMARK [2][-]{subsection.2.1.4}{\376\377\000Z\000w\000r\000a\000c\000a\000n\000i\000e\000\040\000z\000a\000s\000o\000b\000\363\000w}{section.2.1}% 19
\BOOKMARK [3][-]{subsubsection.2.1.4.1}{\376\377\000S\000p\000r\000i\000n\000g}{subsection.2.1.4}% 20
\BOOKMARK [3][-]{subsubsection.2.1.4.2}{\376\377\000R\000u\000b\000y\000\040\000o\000n\000\040\000R\000a\000i\000l\000s}{subsection.2.1.4}% 21
\BOOKMARK [2][-]{subsection.2.1.5}{\376\377\000J\000S\000O\000N\000\040\000c\000z\000y\000\040\000X\000M\000L\000?}{section.2.1}% 22
\BOOKMARK [2][-]{subsection.2.1.6}{\376\377\000B\001\102\001\031\000d\000y}{section.2.1}% 23
\BOOKMARK [3][-]{subsubsection.2.1.6.1}{\376\377\000R\000u\000b\000y\000\040\000o\000n\000\040\000R\000a\000i\000l\000s}{subsection.2.1.6}% 24
\BOOKMARK [3][-]{subsubsection.2.1.6.2}{\376\377\000S\000p\000r\000i\000n\000g}{subsection.2.1.6}% 25
\BOOKMARK [2][-]{subsection.2.1.7}{\376\377\000T\000e\000s\000t\000o\000w\000a\000n\000i\000e}{section.2.1}% 26
\BOOKMARK [3][-]{subsubsection.2.1.7.1}{\376\377\000P\000l\000a\000n\000\040\000t\000e\000s\000t\000o\000w\000a\000n\000i\000a}{subsection.2.1.7}% 27
\BOOKMARK [3][-]{subsubsection.2.1.7.2}{\376\377\000K\000a\000t\000e\000g\000o\000r\000i\000e\000\040\000s\000c\000e\000n\000a\000r\000i\000u\000s\000z\000y\000\040\000t\000e\000s\000t\000o\000w\000y\000c\000h}{subsection.2.1.7}% 28
\BOOKMARK [1][-]{section.2.2}{\376\377\000U\000w\000i\000e\000r\000z\000y\000t\000e\000l\000n\000i\000a\000n\000i\000e\000\040\000i\000\040\000a\000u\000t\000o\000r\000y\000z\000a\000c\000j\000a}{chapter.2}% 29
\BOOKMARK [2][-]{subsection.2.2.1}{\376\377\000U\000w\000i\000e\000r\000z\000y\000t\000e\000l\000n\000i\000a\000n\000i\000e}{section.2.2}% 30
\BOOKMARK [3][-]{subsubsection.2.2.1.1}{\376\377\000O\000A\000u\000t\000h}{subsection.2.2.1}% 31
\BOOKMARK [2][-]{subsection.2.2.2}{\376\377\000A\000u\000t\000o\000r\000y\000z\000a\000c\000j\000a}{section.2.2}% 32
\BOOKMARK [1][-]{section.2.3}{\376\377\000P\000l\000a\000n\000\040\000t\000w\000o\000r\000z\000e\000n\000i\000a\000\040\000s\000e\000r\000w\000i\000s\000u\000\040\000R\000e\000s\000t\000f\000u\000l\000\040\000R\000E\000S\000T\000f\000u\000l\000W\000e\000b\000S\000e\000r\000v\000i\000c\000e\000s}{chapter.2}% 33
\BOOKMARK [0][-]{Item.45}{\376\377\000Z\000a\000k\000o\001\104\000c\000z\000e\000n\000i\000e}{}% 34
\BOOKMARK [0][-]{chapter*.16}{\376\377\000S\000p\000i\000s\000\040\000t\000a\000b\000e\000l\000\040\000i\000\040\000r\000y\000s\000u\000n\000k\000\363\000w}{}% 35
\BOOKMARK [0][-]{appendix*.20}{\376\377\000B\000i\000b\000l\000i\000o\000g\000r\000a\000f\000i\000a}{}% 36
